<?xml version="1.0" encoding="UTF-8"?>
<testng-results skipped="0" failed="0" total="1" passed="1">
  <reporter-output>
  </reporter-output>
  <suite name="Default suite" duration-ms="32" started-at="2020-02-28T09:39:23Z" finished-at="2020-02-28T09:39:23Z">
    <groups>
    </groups>
    <test name="Default test" duration-ms="32" started-at="2020-02-28T09:39:23Z" finished-at="2020-02-28T09:39:23Z">
      <class name="Udemy.AuthorizationCodeDemo">
        <test-method status="PASS" signature="testAuthGrantType()[pri:0, instance:Udemy.AuthorizationCodeDemo@4501b7af]" name="testAuthGrantType" duration-ms="14" started-at="2020-02-28T15:09:23Z" finished-at="2020-02-28T15:09:23Z">
          <reporter-output>
          </reporter-output>
        </test-method> <!-- testAuthGrantType -->
      </class> <!-- Udemy.AuthorizationCodeDemo -->
    </test> <!-- Default test -->
  </suite> <!-- Default suite -->
</testng-results>
